[16:16:1031/235502.951775:WARNING:chrome_main_delegate.cc(744)] This is Chrome version 130.0.6723.69 (not a warning)
[16:42:1031/235502.998007:ERROR:bus.cc(407)] Failed to connect to the bus: Failed to connect to socket /run/dbus/system_bus_socket: No such file or directory
[16:45:1031/235503.000743:ERROR:bus.cc(407)] Failed to connect to the bus: Failed to connect to socket /run/dbus/system_bus_socket: No such file or directory
[16:45:1031/235503.002510:ERROR:bus.cc(407)] Failed to connect to the bus: Failed to connect to socket /run/dbus/system_bus_socket: No such file or directory
[16:42:1031/235503.008772:ERROR:bus.cc(407)] Failed to connect to the bus: Could not parse server address: Unknown address type (examples of valid types are "tcp" and on UNIX "unix")
[16:42:1031/235503.009336:ERROR:bus.cc(407)] Failed to connect to the bus: Could not parse server address: Unknown address type (examples of valid types are "tcp" and on UNIX "unix")
[16:42:1031/235503.009861:ERROR:bus.cc(407)] Failed to connect to the bus: Could not parse server address: Unknown address type (examples of valid types are "tcp" and on UNIX "unix")
[16:42:1031/235503.010095:ERROR:bus.cc(407)] Failed to connect to the bus: Could not parse server address: Unknown address type (examples of valid types are "tcp" and on UNIX "unix")
[16:42:1031/235503.010234:ERROR:bus.cc(407)] Failed to connect to the bus: Could not parse server address: Unknown address type (examples of valid types are "tcp" and on UNIX "unix")
[54:54:1031/235503.050554:WARNING:sandbox_linux.cc(430)] InitializeSandbox() called with multiple threads in process gpu-process.
[54:54:1031/235503.054290:WARNING:viz_main_impl.cc(85)] VizNullHypothesis is disabled (not a warning)
[16:42:1031/235503.054763:ERROR:bus.cc(407)] Failed to connect to the bus: Could not parse server address: Unknown address type (examples of valid types are "tcp" and on UNIX "unix")
[16:42:1031/235503.054852:ERROR:bus.cc(407)] Failed to connect to the bus: Could not parse server address: Unknown address type (examples of valid types are "tcp" and on UNIX "unix")
[97:97:1031/235503.140197:WARNING:runtime_features.cc(687)] AttributionReporting cannot be enabled in this configuration. Use --enable-features=ConversionMeasurement in addition.
[97:97:1031/235503.140780:WARNING:runtime_features.cc(701)] AttributionReportingCrossAppWeb cannot be enabled in this configuration. Use --enable-features=ConversionMeasurement,AttributionReportingCrossAppWeb in addition.
[16:16:1031/235503.146071:WARNING:bluez_dbus_manager.cc(234)] Floss manager service not available, cannot set Floss enable/disable.
[16:108:1031/235503.157082:ERROR:bus.cc(407)] Failed to connect to the bus: Failed to connect to socket /run/dbus/system_bus_socket: No such file or directory
[16:108:1031/235503.157809:ERROR:bus.cc(407)] Failed to connect to the bus: Failed to connect to socket /run/dbus/system_bus_socket: No such file or directory
[16:108:1031/235503.158178:ERROR:bus.cc(407)] Failed to connect to the bus: Failed to connect to socket /run/dbus/system_bus_socket: No such file or directory
[16:108:1031/235503.158472:WARNING:property.cc(149)] DaemonVersion: GetAndBlock: failed.
[16:108:1031/235503.158796:ERROR:bus.cc(407)] Failed to connect to the bus: Failed to connect to socket /run/dbus/system_bus_socket: No such file or directory
[16:108:1031/235503.159172:ERROR:bus.cc(407)] Failed to connect to the bus: Failed to connect to socket /run/dbus/system_bus_socket: No such file or directory
[111:111:1031/235503.168527:WARNING:runtime_features.cc(687)] AttributionReporting cannot be enabled in this configuration. Use --enable-features=ConversionMeasurement in addition.
[111:111:1031/235503.170218:WARNING:runtime_features.cc(701)] AttributionReportingCrossAppWeb cannot be enabled in this configuration. Use --enable-features=ConversionMeasurement,AttributionReportingCrossAppWeb in addition.
[122:122:1031/235503.241177:WARNING:runtime_features.cc(687)] AttributionReporting cannot be enabled in this configuration. Use --enable-features=ConversionMeasurement in addition.
[122:122:1031/235503.241584:WARNING:runtime_features.cc(701)] AttributionReportingCrossAppWeb cannot be enabled in this configuration. Use --enable-features=ConversionMeasurement,AttributionReportingCrossAppWeb in addition.
[16:16:1031/235505.852013:INFO:CONSOLE(1)] "%c Обнаружил ошибку? Нам важно знать – fb@tinkoff.ru 
 Хочешь присоединиться к команде профессионалов? Расскажи о себе – frontend@tinkoff.ru background-color: #ffdd2d; color: #333; ", source: https://unic-cdn-prod.cdn-tinkoff.ru/static/accounts-accountsevents/platform.1b63babe7263d40f.js (1)
[111:111:1031/235507.093577:INFO:document_style_environment_variables.cc(78)] E2E_Used SafeAreaInsetBottom
[111:111:1031/235507.097944:INFO:document_style_environment_variables.cc(78)] E2E_Used SafeAreaInsetBottom
[55:69:1031/235507.759125:WARNING:spdy_session.cc(2975)] Received HEADERS for invalid stream 1
[16:16:1031/235507.847327:INFO:CONSOLE(1)] "%c Обнаружил ошибку? Нам важно знать – fb@tinkoff.ru 
 Хочешь присоединиться к команде профессионалов? Расскажи о себе – frontend@tinkoff.ru background-color: #ffdd2d; color: #333; ", source: https://unic-cdn-prod.cdn-tinkoff.ru/static/sso-newauth/platform.401b82f5bd04988f.js (1)
