[93:93:1101/101224.602191:WARNING:chrome_main_delegate.cc(744)] This is Chrome version 130.0.6723.69 (not a warning)
[93:119:1101/101224.628597:ERROR:bus.cc(407)] Failed to connect to the bus: Failed to connect to socket /run/dbus/system_bus_socket: No such file or directory
[93:122:1101/101224.629522:ERROR:bus.cc(407)] Failed to connect to the bus: Failed to connect to socket /run/dbus/system_bus_socket: No such file or directory
[93:122:1101/101224.629652:ERROR:bus.cc(407)] Failed to connect to the bus: Failed to connect to socket /run/dbus/system_bus_socket: No such file or directory
[93:119:1101/101224.631819:ERROR:bus.cc(407)] Failed to connect to the bus: Could not parse server address: Unknown address type (examples of valid types are "tcp" and on UNIX "unix")
[93:119:1101/101224.632124:ERROR:bus.cc(407)] Failed to connect to the bus: Could not parse server address: Unknown address type (examples of valid types are "tcp" and on UNIX "unix")
[93:119:1101/101224.632368:ERROR:bus.cc(407)] Failed to connect to the bus: Could not parse server address: Unknown address type (examples of valid types are "tcp" and on UNIX "unix")
[93:119:1101/101224.632438:ERROR:bus.cc(407)] Failed to connect to the bus: Could not parse server address: Unknown address type (examples of valid types are "tcp" and on UNIX "unix")
[93:119:1101/101224.632689:ERROR:bus.cc(407)] Failed to connect to the bus: Could not parse server address: Unknown address type (examples of valid types are "tcp" and on UNIX "unix")
[93:93:1101/101224.633348:WARNING:audio_manager_linux.cc(54)] Falling back to ALSA for audio output. PulseAudio is not available or could not be initialized.
[93:93:1101/101224.636738:ERROR:system_network_context_manager.cc(882)] Cannot use V8 Proxy resolver in single process mode.
[93:130:1101/101224.645311:WARNING:viz_main_impl.cc(85)] VizNullHypothesis is disabled (not a warning)
[93:119:1101/101224.648126:ERROR:bus.cc(407)] Failed to connect to the bus: Could not parse server address: Unknown address type (examples of valid types are "tcp" and on UNIX "unix")
[93:119:1101/101224.648225:ERROR:bus.cc(407)] Failed to connect to the bus: Could not parse server address: Unknown address type (examples of valid types are "tcp" and on UNIX "unix")
[93:93:1101/101224.648366:ERROR:system_network_context_manager.cc(882)] Cannot use V8 Proxy resolver in single process mode.
[93:93:1101/101224.655301:ERROR:system_network_context_manager.cc(882)] Cannot use V8 Proxy resolver in single process mode.
[93:158:1101/101224.689583:WARNING:runtime_features.cc(687)] AttributionReporting cannot be enabled in this configuration. Use --enable-features=ConversionMeasurement in addition.
[93:158:1101/101224.689766:WARNING:runtime_features.cc(701)] AttributionReportingCrossAppWeb cannot be enabled in this configuration. Use --enable-features=ConversionMeasurement,AttributionReportingCrossAppWeb in addition.
[93:93:1101/101224.699579:WARNING:bluez_dbus_manager.cc(234)] Floss manager service not available, cannot set Floss enable/disable.
[93:162:1101/101224.706264:ERROR:bus.cc(407)] Failed to connect to the bus: Failed to connect to socket /run/dbus/system_bus_socket: No such file or directory
[93:162:1101/101224.706463:ERROR:bus.cc(407)] Failed to connect to the bus: Failed to connect to socket /run/dbus/system_bus_socket: No such file or directory
[93:162:1101/101224.706561:ERROR:bus.cc(407)] Failed to connect to the bus: Failed to connect to socket /run/dbus/system_bus_socket: No such file or directory
[93:162:1101/101224.706623:WARNING:property.cc(149)] DaemonVersion: GetAndBlock: failed.
[93:162:1101/101224.706718:ERROR:bus.cc(407)] Failed to connect to the bus: Failed to connect to socket /run/dbus/system_bus_socket: No such file or directory
[93:162:1101/101224.706800:ERROR:bus.cc(407)] Failed to connect to the bus: Failed to connect to socket /run/dbus/system_bus_socket: No such file or directory
[93:157:1101/101224.732577:WARNING:backend_impl.cc(1764)] Destroying invalid entry.
[93:93:1101/101225.214481:INFO:CONSOLE(1)] "%c Обнаружил ошибку? Нам важно знать – fb@tinkoff.ru 
 Хочешь присоединиться к команде профессионалов? Расскажи о себе – frontend@tinkoff.ru background-color: #ffdd2d; color: #333; ", source: https://unic-cdn-prod.cdn-tinkoff.ru/static/sso-newauth/platform.401b82f5bd04988f.js (1)
[93:158:1101/101226.694848:INFO:document_style_environment_variables.cc(78)] E2E_Used SafeAreaInsetBottom
[93:93:1101/101226.763924:INFO:CONSOLE(1)] "%c Обнаружил ошибку? Нам важно знать – fb@tinkoff.ru 
 Хочешь присоединиться к команде профессионалов? Расскажи о себе – frontend@tinkoff.ru background-color: #ffdd2d; color: #333; ", source: https://unic-cdn-prod.cdn-tinkoff.ru/static/accounts-accountsevents/platform.1b63babe7263d40f.js (1)
[93:158:1101/101226.894825:INFO:document_style_environment_variables.cc(78)] E2E_Used SafeAreaInsetBottom
[93:158:1101/101227.980926:ERROR:font_unique_name_lookup_linux.cc(21)] @font-face src: local() instantiation only available when connected to browser process.
[93:158:1101/101227.981389:ERROR:font_unique_name_lookup_linux.cc(21)] @font-face src: local() instantiation only available when connected to browser process.
[93:158:1101/101227.981502:ERROR:font_unique_name_lookup_linux.cc(21)] @font-face src: local() instantiation only available when connected to browser process.
[93:158:1101/101227.981601:ERROR:font_unique_name_lookup_linux.cc(21)] @font-face src: local() instantiation only available when connected to browser process.
[93:158:1101/101227.981709:ERROR:font_unique_name_lookup_linux.cc(21)] @font-face src: local() instantiation only available when connected to browser process.
[93:158:1101/101227.981791:ERROR:font_unique_name_lookup_linux.cc(21)] @font-face src: local() instantiation only available when connected to browser process.
[93:158:1101/101227.981852:ERROR:font_unique_name_lookup_linux.cc(21)] @font-face src: local() instantiation only available when connected to browser process.
[93:158:1101/101227.981952:ERROR:font_unique_name_lookup_linux.cc(21)] @font-face src: local() instantiation only available when connected to browser process.
[93:158:1101/101227.982010:ERROR:font_unique_name_lookup_linux.cc(21)] @font-face src: local() instantiation only available when connected to browser process.
[93:158:1101/101227.982069:ERROR:font_unique_name_lookup_linux.cc(21)] @font-face src: local() instantiation only available when connected to browser process.
[93:158:1101/101227.982148:ERROR:font_unique_name_lookup_linux.cc(21)] @font-face src: local() instantiation only available when connected to browser process.
[93:158:1101/101227.982237:ERROR:font_unique_name_lookup_linux.cc(21)] @font-face src: local() instantiation only available when connected to browser process.
[93:158:1101/101227.982338:ERROR:font_unique_name_lookup_linux.cc(21)] @font-face src: local() instantiation only available when connected to browser process.
[93:158:1101/101227.982415:ERROR:font_unique_name_lookup_linux.cc(21)] @font-face src: local() instantiation only available when connected to browser process.
[93:158:1101/101227.982489:ERROR:font_unique_name_lookup_linux.cc(21)] @font-face src: local() instantiation only available when connected to browser process.
[93:158:1101/101227.982603:ERROR:font_unique_name_lookup_linux.cc(21)] @font-face src: local() instantiation only available when connected to browser process.
[93:158:1101/101227.982649:ERROR:font_unique_name_lookup_linux.cc(21)] @font-face src: local() instantiation only available when connected to browser process.
[93:158:1101/101227.982766:ERROR:font_unique_name_lookup_linux.cc(21)] @font-face src: local() instantiation only available when connected to browser process.
[93:158:1101/101227.982861:ERROR:font_unique_name_lookup_linux.cc(21)] @font-face src: local() instantiation only available when connected to browser process.
[93:158:1101/101227.982937:ERROR:font_unique_name_lookup_linux.cc(21)] @font-face src: local() instantiation only available when connected to browser process.
[93:158:1101/101227.983112:ERROR:font_unique_name_lookup_linux.cc(21)] @font-face src: local() instantiation only available when connected to browser process.
[93:158:1101/101227.983182:ERROR:font_unique_name_lookup_linux.cc(21)] @font-face src: local() instantiation only available when connected to browser process.
[93:158:1101/101227.983273:ERROR:font_unique_name_lookup_linux.cc(21)] @font-face src: local() instantiation only available when connected to browser process.
[93:158:1101/101227.983394:ERROR:font_unique_name_lookup_linux.cc(21)] @font-face src: local() instantiation only available when connected to browser process.
[93:158:1101/101227.983470:ERROR:font_unique_name_lookup_linux.cc(21)] @font-face src: local() instantiation only available when connected to browser process.
[93:158:1101/101227.983569:ERROR:font_unique_name_lookup_linux.cc(21)] @font-face src: local() instantiation only available when connected to browser process.
[93:158:1101/101227.983680:ERROR:font_unique_name_lookup_linux.cc(21)] @font-face src: local() instantiation only available when connected to browser process.
[93:158:1101/101227.983761:ERROR:font_unique_name_lookup_linux.cc(21)] @font-face src: local() instantiation only available when connected to browser process.
[93:158:1101/101227.983873:ERROR:font_unique_name_lookup_linux.cc(21)] @font-face src: local() instantiation only available when connected to browser process.
[93:158:1101/101227.983991:ERROR:font_unique_name_lookup_linux.cc(21)] @font-face src: local() instantiation only available when connected to browser process.
[93:158:1101/101227.984102:ERROR:font_unique_name_lookup_linux.cc(21)] @font-face src: local() instantiation only available when connected to browser process.
[93:158:1101/101227.984173:ERROR:font_unique_name_lookup_linux.cc(21)] @font-face src: local() instantiation only available when connected to browser process.
[93:158:1101/101227.984292:ERROR:font_unique_name_lookup_linux.cc(21)] @font-face src: local() instantiation only available when connected to browser process.
[93:158:1101/101227.984388:ERROR:font_unique_name_lookup_linux.cc(21)] @font-face src: local() instantiation only available when connected to browser process.
[93:158:1101/101227.984468:ERROR:font_unique_name_lookup_linux.cc(21)] @font-face src: local() instantiation only available when connected to browser process.
[93:158:1101/101227.984572:ERROR:font_unique_name_lookup_linux.cc(21)] @font-face src: local() instantiation only available when connected to browser process.
[93:158:1101/101227.984673:ERROR:font_unique_name_lookup_linux.cc(21)] @font-face src: local() instantiation only available when connected to browser process.
[93:158:1101/101227.984750:ERROR:font_unique_name_lookup_linux.cc(21)] @font-face src: local() instantiation only available when connected to browser process.
[93:158:1101/101227.984844:ERROR:font_unique_name_lookup_linux.cc(21)] @font-face src: local() instantiation only available when connected to browser process.
[93:158:1101/101227.984934:ERROR:font_unique_name_lookup_linux.cc(21)] @font-face src: local() instantiation only available when connected to browser process.
[93:158:1101/101227.985028:ERROR:font_unique_name_lookup_linux.cc(21)] @font-face src: local() instantiation only available when connected to browser process.
[93:158:1101/101227.985106:ERROR:font_unique_name_lookup_linux.cc(21)] @font-face src: local() instantiation only available when connected to browser process.
[93:158:1101/101227.985205:ERROR:font_unique_name_lookup_linux.cc(21)] @font-face src: local() instantiation only available when connected to browser process.
[93:158:1101/101227.985290:ERROR:font_unique_name_lookup_linux.cc(21)] @font-face src: local() instantiation only available when connected to browser process.
[93:158:1101/101227.985372:ERROR:font_unique_name_lookup_linux.cc(21)] @font-face src: local() instantiation only available when connected to browser process.
[93:158:1101/101227.985462:ERROR:font_unique_name_lookup_linux.cc(21)] @font-face src: local() instantiation only available when connected to browser process.
[93:158:1101/101227.985620:ERROR:font_unique_name_lookup_linux.cc(21)] @font-face src: local() instantiation only available when connected to browser process.
[93:158:1101/101227.985730:ERROR:font_unique_name_lookup_linux.cc(21)] @font-face src: local() instantiation only available when connected to browser process.
[93:93:1101/101227.986192:INFO:CONSOLE(1)] "GeolocationCollector: calling getRawData() before calling init(). This is probably not intended.", source: https://sso-forms-prod.cdn-tinkoff.ru/client/releases/2.51.0/assetsSolid/FormTemplate-PHvKG7h_.js (1)
[93:130:1101/101227.989383:ERROR:gles2_cmd_decoder_passthrough.cc(1053)] [GroupMarkerNotSet(crbug.com/242999)!:A0D883052C000000]Automatic fallback to software WebGL has been deprecated. Please use the --enable-unsafe-swiftshader flag to opt in to lower security guarantees for trusted content.
[93:130:1101/101228.010719:ERROR:gl_utils.cc(426)] [.WebGL-0x2c03365580]GL Driver Message (OpenGL, Performance, GL_CLOSE_PATH_NV, High): GPU stall due to ReadPixels
[93:130:1101/101228.073554:ERROR:gles2_cmd_decoder_passthrough.cc(1053)] [GroupMarkerNotSet(crbug.com/242999)!:A0C437002C000000]Automatic fallback to software WebGL has been deprecated. Please use the --enable-unsafe-swiftshader flag to opt in to lower security guarantees for trusted content.
[93:130:1101/101228.086761:ERROR:gl_utils.cc(426)] [.WebGL-0x2c07582280]GL Driver Message (OpenGL, Performance, GL_CLOSE_PATH_NV, High): GPU stall due to ReadPixels
[93:93:1101/101228.161556:INFO:CONSOLE(0)] "[GroupMarkerNotSet(crbug.com/242999)!:A0D883052C000000]Automatic fallback to software WebGL has been deprecated. Please use the --enable-unsafe-swiftshader flag to opt in to lower security guarantees for trusted content.", source: https://id.tbank.ru/auth/step?cid=YHbhgKQ0yCsB (0)
[93:93:1101/101228.162362:INFO:CONSOLE(0)] "[.WebGL-0x2c03365580]GL Driver Message (OpenGL, Performance, GL_CLOSE_PATH_NV, High): GPU stall due to ReadPixels", source: https://id.tbank.ru/auth/step?cid=YHbhgKQ0yCsB (0)
[93:93:1101/101228.162924:INFO:CONSOLE(0)] "[GroupMarkerNotSet(crbug.com/242999)!:A0C437002C000000]Automatic fallback to software WebGL has been deprecated. Please use the --enable-unsafe-swiftshader flag to opt in to lower security guarantees for trusted content.", source: https://id.tbank.ru/auth/step?cid=YHbhgKQ0yCsB (0)
[93:93:1101/101228.163244:INFO:CONSOLE(0)] "[.WebGL-0x2c07582280]GL Driver Message (OpenGL, Performance, GL_CLOSE_PATH_NV, High): GPU stall due to ReadPixels", source: https://id.tbank.ru/auth/step?cid=YHbhgKQ0yCsB (0)
[93:158:1101/101228.186726:ERROR:font_unique_name_lookup_linux.cc(21)] @font-face src: local() instantiation only available when connected to browser process.
[93:158:1101/101228.187071:ERROR:font_unique_name_lookup_linux.cc(21)] @font-face src: local() instantiation only available when connected to browser process.
[93:158:1101/101228.187285:ERROR:font_unique_name_lookup_linux.cc(21)] @font-face src: local() instantiation only available when connected to browser process.
[93:158:1101/101228.187365:ERROR:font_unique_name_lookup_linux.cc(21)] @font-face src: local() instantiation only available when connected to browser process.
[93:158:1101/101228.187486:ERROR:font_unique_name_lookup_linux.cc(21)] @font-face src: local() instantiation only available when connected to browser process.
[93:158:1101/101228.187584:ERROR:font_unique_name_lookup_linux.cc(21)] @font-face src: local() instantiation only available when connected to browser process.
[93:158:1101/101228.187674:ERROR:font_unique_name_lookup_linux.cc(21)] @font-face src: local() instantiation only available when connected to browser process.
[93:158:1101/101228.187753:ERROR:font_unique_name_lookup_linux.cc(21)] @font-face src: local() instantiation only available when connected to browser process.
[93:158:1101/101228.187826:ERROR:font_unique_name_lookup_linux.cc(21)] @font-face src: local() instantiation only available when connected to browser process.
[93:158:1101/101228.187938:ERROR:font_unique_name_lookup_linux.cc(21)] @font-face src: local() instantiation only available when connected to browser process.
[93:158:1101/101228.188047:ERROR:font_unique_name_lookup_linux.cc(21)] @font-face src: local() instantiation only available when connected to browser process.
[93:158:1101/101228.188149:ERROR:font_unique_name_lookup_linux.cc(21)] @font-face src: local() instantiation only available when connected to browser process.
[93:158:1101/101228.188239:ERROR:font_unique_name_lookup_linux.cc(21)] @font-face src: local() instantiation only available when connected to browser process.
[93:158:1101/101228.188293:ERROR:font_unique_name_lookup_linux.cc(21)] @font-face src: local() instantiation only available when connected to browser process.
[93:158:1101/101228.188369:ERROR:font_unique_name_lookup_linux.cc(21)] @font-face src: local() instantiation only available when connected to browser process.
[93:158:1101/101228.188426:ERROR:font_unique_name_lookup_linux.cc(21)] @font-face src: local() instantiation only available when connected to browser process.
[93:158:1101/101228.188536:ERROR:font_unique_name_lookup_linux.cc(21)] @font-face src: local() instantiation only available when connected to browser process.
[93:158:1101/101228.188661:ERROR:font_unique_name_lookup_linux.cc(21)] @font-face src: local() instantiation only available when connected to browser process.
[93:158:1101/101228.188703:ERROR:font_unique_name_lookup_linux.cc(21)] @font-face src: local() instantiation only available when connected to browser process.
[93:158:1101/101228.188761:ERROR:font_unique_name_lookup_linux.cc(21)] @font-face src: local() instantiation only available when connected to browser process.
[93:158:1101/101228.188862:ERROR:font_unique_name_lookup_linux.cc(21)] @font-face src: local() instantiation only available when connected to browser process.
[93:158:1101/101228.188956:ERROR:font_unique_name_lookup_linux.cc(21)] @font-face src: local() instantiation only available when connected to browser process.
[93:158:1101/101228.189040:ERROR:font_unique_name_lookup_linux.cc(21)] @font-face src: local() instantiation only available when connected to browser process.
[93:158:1101/101228.189140:ERROR:font_unique_name_lookup_linux.cc(21)] @font-face src: local() instantiation only available when connected to browser process.
[93:158:1101/101228.189266:ERROR:font_unique_name_lookup_linux.cc(21)] @font-face src: local() instantiation only available when connected to browser process.
[93:158:1101/101228.189345:ERROR:font_unique_name_lookup_linux.cc(21)] @font-face src: local() instantiation only available when connected to browser process.
[93:158:1101/101228.189402:ERROR:font_unique_name_lookup_linux.cc(21)] @font-face src: local() instantiation only available when connected to browser process.
[93:158:1101/101228.189488:ERROR:font_unique_name_lookup_linux.cc(21)] @font-face src: local() instantiation only available when connected to browser process.
[93:158:1101/101228.189562:ERROR:font_unique_name_lookup_linux.cc(21)] @font-face src: local() instantiation only available when connected to browser process.
[93:158:1101/101228.189673:ERROR:font_unique_name_lookup_linux.cc(21)] @font-face src: local() instantiation only available when connected to browser process.
[93:158:1101/101228.189773:ERROR:font_unique_name_lookup_linux.cc(21)] @font-face src: local() instantiation only available when connected to browser process.
[93:158:1101/101228.189900:ERROR:font_unique_name_lookup_linux.cc(21)] @font-face src: local() instantiation only available when connected to browser process.
[93:158:1101/101228.189971:ERROR:font_unique_name_lookup_linux.cc(21)] @font-face src: local() instantiation only available when connected to browser process.
[93:158:1101/101228.190045:ERROR:font_unique_name_lookup_linux.cc(21)] @font-face src: local() instantiation only available when connected to browser process.
[93:158:1101/101228.190099:ERROR:font_unique_name_lookup_linux.cc(21)] @font-face src: local() instantiation only available when connected to browser process.
[93:158:1101/101228.190237:ERROR:font_unique_name_lookup_linux.cc(21)] @font-face src: local() instantiation only available when connected to browser process.
[93:158:1101/101228.190322:ERROR:font_unique_name_lookup_linux.cc(21)] @font-face src: local() instantiation only available when connected to browser process.
[93:158:1101/101228.190480:ERROR:font_unique_name_lookup_linux.cc(21)] @font-face src: local() instantiation only available when connected to browser process.
[93:158:1101/101228.190562:ERROR:font_unique_name_lookup_linux.cc(21)] @font-face src: local() instantiation only available when connected to browser process.
[93:158:1101/101228.190661:ERROR:font_unique_name_lookup_linux.cc(21)] @font-face src: local() instantiation only available when connected to browser process.
[93:158:1101/101228.190752:ERROR:font_unique_name_lookup_linux.cc(21)] @font-face src: local() instantiation only available when connected to browser process.
[93:158:1101/101228.190827:ERROR:font_unique_name_lookup_linux.cc(21)] @font-face src: local() instantiation only available when connected to browser process.
[93:158:1101/101228.190912:ERROR:font_unique_name_lookup_linux.cc(21)] @font-face src: local() instantiation only available when connected to browser process.
[93:158:1101/101228.190978:ERROR:font_unique_name_lookup_linux.cc(21)] @font-face src: local() instantiation only available when connected to browser process.
[93:158:1101/101228.191066:ERROR:font_unique_name_lookup_linux.cc(21)] @font-face src: local() instantiation only available when connected to browser process.
[93:158:1101/101228.191157:ERROR:font_unique_name_lookup_linux.cc(21)] @font-face src: local() instantiation only available when connected to browser process.
[93:158:1101/101228.191245:ERROR:font_unique_name_lookup_linux.cc(21)] @font-face src: local() instantiation only available when connected to browser process.
[93:158:1101/101228.191336:ERROR:font_unique_name_lookup_linux.cc(21)] @font-face src: local() instantiation only available when connected to browser process.
[93:93:1101/101228.191641:INFO:CONSOLE(1)] "GeolocationCollector: calling getRawData() before calling init(). This is probably not intended.", source: https://sso-forms-prod.cdn-tinkoff.ru/client/releases/2.51.0/assetsSolid/FormTemplate-PHvKG7h_.js (1)
[93:130:1101/101228.193445:ERROR:gles2_cmd_decoder_passthrough.cc(1053)] [GroupMarkerNotSet(crbug.com/242999)!:A06C37002C000000]Automatic fallback to software WebGL has been deprecated. Please use the --enable-unsafe-swiftshader flag to opt in to lower security guarantees for trusted content.
[93:130:1101/101228.219144:ERROR:gl_utils.cc(426)] [.WebGL-0x2c0cc1fc80]GL Driver Message (OpenGL, Performance, GL_CLOSE_PATH_NV, High): GPU stall due to ReadPixels
[93:130:1101/101228.252558:ERROR:gles2_cmd_decoder_passthrough.cc(1053)] [GroupMarkerNotSet(crbug.com/242999)!:A0AC95052C000000]Automatic fallback to software WebGL has been deprecated. Please use the --enable-unsafe-swiftshader flag to opt in to lower security guarantees for trusted content.
[93:130:1101/101228.264886:ERROR:gl_utils.cc(426)] [.WebGL-0x2c0dd48e00]GL Driver Message (OpenGL, Performance, GL_CLOSE_PATH_NV, High): GPU stall due to ReadPixels (this message will no longer repeat)
[93:93:1101/101228.315397:INFO:CONSOLE(0)] "[GroupMarkerNotSet(crbug.com/242999)!:A06C37002C000000]Automatic fallback to software WebGL has been deprecated. Please use the --enable-unsafe-swiftshader flag to opt in to lower security guarantees for trusted content.", source: https://id.tbank.ru/auth/step?cid=VBPaT9pAbqa7 (0)
[93:93:1101/101228.315542:INFO:CONSOLE(0)] "[.WebGL-0x2c0cc1fc80]GL Driver Message (OpenGL, Performance, GL_CLOSE_PATH_NV, High): GPU stall due to ReadPixels", source: https://id.tbank.ru/auth/step?cid=VBPaT9pAbqa7 (0)
[93:93:1101/101228.315881:INFO:CONSOLE(0)] "[GroupMarkerNotSet(crbug.com/242999)!:A0AC95052C000000]Automatic fallback to software WebGL has been deprecated. Please use the --enable-unsafe-swiftshader flag to opt in to lower security guarantees for trusted content.", source: https://id.tbank.ru/auth/step?cid=VBPaT9pAbqa7 (0)
[93:93:1101/101228.316065:INFO:CONSOLE(0)] "[.WebGL-0x2c0dd48e00]GL Driver Message (OpenGL, Performance, GL_CLOSE_PATH_NV, High): GPU stall due to ReadPixels (this message will no longer repeat)", source: https://id.tbank.ru/auth/step?cid=VBPaT9pAbqa7 (0)
[93:93:1101/101239.202450:INFO:CONSOLE(0)] "The resource https://www.cdn-tinkoff.ru/platform/fonts/pfhighway/v6/PFHighwaySansPro-Thin.woff2 was preloaded using link preload but not used within a few seconds from the window's load event. Please make sure it has an appropriate `as` value and it is preloaded intentionally.", source: https://www.tbank.ru/events/feed/ (0)
[93:158:1101/101244.841501:INFO:document_style_environment_variables.cc(78)] E2E_Used SafeAreaInsetBottom
[93:93:1101/101244.946143:INFO:CONSOLE(1)] "%c Обнаружил ошибку? Нам важно знать – fb@tinkoff.ru 
 Хочешь присоединиться к команде профессионалов? Расскажи о себе – frontend@tinkoff.ru background-color: #ffdd2d; color: #333; ", source: https://unic-cdn-prod.cdn-tinkoff.ru/static/accounts-accountsevents/platform.1b63babe7263d40f.js (1)
[93:158:1101/101245.097880:INFO:document_style_environment_variables.cc(78)] E2E_Used SafeAreaInsetBottom
[93:158:1101/101251.310556:INFO:document_style_environment_variables.cc(78)] E2E_Used SafeAreaInsetBottom
[93:93:1101/101251.389360:INFO:CONSOLE(1)] "%c Обнаружил ошибку? Нам важно знать – fb@tinkoff.ru 
 Хочешь присоединиться к команде профессионалов? Расскажи о себе – frontend@tinkoff.ru background-color: #ffdd2d; color: #333; ", source: https://unic-cdn-prod.cdn-tinkoff.ru/static/accounts-accountsevents/platform.1b63babe7263d40f.js (1)
[93:158:1101/101251.508993:INFO:document_style_environment_variables.cc(78)] E2E_Used SafeAreaInsetBottom
[93:93:1101/101254.590209:INFO:CONSOLE(0)] "Notifications permission has been blocked as the user has ignored the permission prompt several times. This can be reset in Page Info which can be accessed by clicking the tune icon next to the URL. See https://www.chromestatus.com/feature/6443143280984064 for more information.", source: https://www.tbank.ru/events/feed/?preset=week (0)
[93:93:1101/101303.269269:INFO:CONSOLE(0)] "The resource https://www.cdn-tinkoff.ru/platform/fonts/pfhighway/v6/PFHighwaySansPro-Thin.woff2 was preloaded using link preload but not used within a few seconds from the window's load event. Please make sure it has an appropriate `as` value and it is preloaded intentionally.", source: https://www.tbank.ru/events/feed/?preset=week (0)
[93:93:1101/101309.613337:INFO:CONSOLE(0)] "The resource https://www.cdn-tinkoff.ru/platform/fonts/pfhighway/v6/PFHighwaySansPro-Thin.woff2 was preloaded using link preload but not used within a few seconds from the window's load event. Please make sure it has an appropriate `as` value and it is preloaded intentionally.", source: https://www.tbank.ru/events/feed/?preset=week (0)
[93:93:1101/101313.110128:INFO:CONSOLE(0)] "The resource https://www.cdn-tinkoff.ru/platform/fonts/pfhighway/v6/PFHighwaySansPro-Thin.woff2 was preloaded using link preload but not used within a few seconds from the window's load event. Please make sure it has an appropriate `as` value and it is preloaded intentionally.", source: https://www.tbank.ru/events/feed/?preset=week (0)
[93:93:1101/101400.587125:INFO:CONSOLE(0)] "The resource https://www.cdn-tinkoff.ru/platform/fonts/pfhighway/v6/PFHighwaySansPro-Thin.woff2 was preloaded using link preload but not used within a few seconds from the window's load event. Please make sure it has an appropriate `as` value and it is preloaded intentionally.", source: https://www.tbank.ru/events/feed/?preset=week (0)
[93:93:1101/101454.576808:INFO:CONSOLE(0)] "The resource https://www.cdn-tinkoff.ru/platform/fonts/pfhighway/v6/PFHighwaySansPro-Thin.woff2 was preloaded using link preload but not used within a few seconds from the window's load event. Please make sure it has an appropriate `as` value and it is preloaded intentionally.", source: https://www.tbank.ru/events/feed/?preset=week (0)
